<?xml version="1.0" encoding="UTF-8"?>
<!-- Generated by org.testng.reporters.JUnitReportReporter -->
<testsuite hostname="Gauravs-Macbook-Air.local" failures="0" tests="4" name="qawingifyassignment.logintestclass" time="31.077" errors="0" timestamp="25 May 2024 07:27:21 GMT" skipped="0">
  <testcase classname="qawingifyassignment.logintestclass" name="testLoginOne" time="9.744"/>
  <testcase classname="qawingifyassignment.logintestclass" name="testLoginTwo" time="7.718"/>
  <testcase classname="qawingifyassignment.logintestclass" name="testLoginThree" time="7.852"/>
  <testcase classname="qawingifyassignment.logintestclass" name="testLoginFour" time="5.763"/>
</testsuite> <!-- qawingifyassignment.logintestclass -->
